\BOOKMARK [0][-]{chapter.1}{\376\377\000E\000N\000D\000\040\000U\000S\000E\000R}{}% 1
\BOOKMARK [1][-]{section.1.1}{\376\377\000F\000i\000o\000n\000a\000\040\000s\000y\000s\000t\000e\000m}{chapter.1}% 2
\BOOKMARK [1][-]{section.1.2}{\376\377\000R\000e\000s\000e\000a\000r\000c\000h\000\040\000I\000n\000f\000o\000r\000m\000a\000t\000i\000o\000n\000\040\000S\000y\000s\000t\000e\000m}{chapter.1}% 3
\BOOKMARK [1][-]{section.1.3}{\376\377\000N\000e\000w\000\040\000p\000r\000o\000j\000e\000c\000t\000:\000\040\000c\000r\000e\000a\000t\000i\000o\000n\000,\000\040\000s\000e\000t\000u\000p\000\040\000a\000n\000d\000\040\000a\000c\000c\000e\000s\000s}{chapter.1}% 4
\BOOKMARK [2][-]{subsection.1.3.1}{\376\377\000A\000p\000p\000l\000y\000\040\000f\000o\000r\000\040\000a\000\040\000n\000e\000w\000\040\000p\000r\000o\000j\000e\000c\000t}{section.1.3}% 5
\BOOKMARK [2][-]{subsection.1.3.2}{\376\377\000A\000c\000c\000e\000s\000s\000\040\000t\000o\000\040\000R\000E\000D\000C\000a\000p\000\040\000f\000o\000r\000\040\000s\000t\000r\000u\000c\000t\000u\000r\000e\000d\000\040\000d\000a\000t\000a}{section.1.3}% 6
\BOOKMARK [2][-]{subsection.1.3.3}{\376\377\000A\000c\000c\000e\000s\000s\000\040\000t\000o\000\040\000t\000h\000e\000\040\040\034\000S\000e\000c\000t\000r\000a\000\040\000D\000M\000A\000\040\000F\000o\000r\000s\000k\000n\000i\000n\000g\040\035\000\040\000r\000e\000s\000e\000a\000r\000c\000h\000\040\000P\000A\000C\000S\000\040\000v\000i\000e\000w\000e\000r}{section.1.3}% 7
\BOOKMARK [1][-]{section.1.4}{\376\377\000S\000u\000b\000m\000i\000t\000\040\000d\000a\000t\000a\000\040\000t\000o\000\040\000t\000h\000e\000\040\000R\000e\000s\000e\000a\000r\000c\000h\000\040\000I\000n\000f\000o\000r\000m\000a\000t\000i\000o\000n\000\040\000S\000y\000s\000t\000e\000m}{chapter.1}% 8
\BOOKMARK [2][-]{subsection.1.4.1}{\376\377\000H\000o\000w\000\040\000t\000o\000\040\000a\000d\000d\000\040\000i\000m\000a\000g\000e\000\040\000d\000a\000t\000a}{section.1.4}% 9
\BOOKMARK [1][-]{section.1.5}{\376\377\000E\000x\000p\000o\000r\000t\000\040\000i\000m\000a\000g\000e\000\040\000d\000a\000t\000a\000\040\000f\000r\000o\000m\000\040\000r\000e\000s\000e\000a\000r\000c\000h\000\040\000P\000A\000C\000S}{chapter.1}% 10
\BOOKMARK [1][-]{section.1.6}{\376\377\000E\000n\000d\000-\000u\000s\000e\000r\000\040\000c\000o\000n\000t\000r\000a\000c\000t}{chapter.1}% 11
\BOOKMARK [1][-]{section.1.7}{\376\377\000S\000e\000n\000s\000i\000t\000i\000v\000e\000\040\000D\000a\000t\000a\000\040\000P\000r\000o\000j\000e\000c\000t\000s}{chapter.1}% 12
\BOOKMARK [2][-]{subsection.1.7.1}{\376\377\000S\000e\000p\000a\000r\000a\000t\000i\000o\000n\000\040\000o\000f\000\040\000S\000e\000n\000s\000i\000t\000i\000v\000e\000\040\000I\000n\000f\000o\000r\000m\000a\000t\000i\000o\000n\000\040\000a\000n\000d\000\040\000D\000a\000t\000a}{section.1.7}% 13
\BOOKMARK [2][-]{subsection.1.7.2}{\376\377\000R\000a\000n\000d\000o\000m\000i\000z\000a\000t\000i\000o\000n}{section.1.7}% 14
\BOOKMARK [2][-]{subsection.1.7.3}{\376\377\000e\000-\000C\000o\000n\000s\000e\000n\000t}{section.1.7}% 15
\BOOKMARK [2][-]{subsection.1.7.4}{\376\377\000A\000u\000t\000o\000m\000a\000t\000i\000c\000\040\000d\000a\000t\000a\000\040\000e\000x\000p\000o\000r\000t\000s\000\040\000f\000r\000o\000m\000\040\000R\000E\000D\000C\000a\000p}{section.1.7}% 16
\BOOKMARK [2][-]{subsection.1.7.5}{\376\377\000S\000t\000e\000p\000s\000\040\000a\000t\000\040\000t\000h\000e\000\040\000e\000n\000d\000\040\000o\000f\000\040\000a\000\040\000R\000E\000D\000C\000a\000p\000\040\000p\000r\000o\000j\000e\000c\000t}{section.1.7}% 17
\BOOKMARK [1][-]{section.1.8}{\376\377\000E\000x\000t\000e\000r\000n\000a\000l\000\040\000r\000e\000s\000o\000u\000r\000c\000e\000s}{chapter.1}% 18
\BOOKMARK [2][-]{subsection.1.8.1}{\376\377\000G\000i\000t\000-\000H\000u\000b\000\040\000R\000e\000p\000o\000s\000i\000t\000o\000r\000i\000e\000s}{section.1.8}% 19
\BOOKMARK [2][-]{subsection.1.8.2}{\376\377\000R\000E\000D\000C\000a\000p}{section.1.8}% 20
\BOOKMARK [0][-]{chapter.2}{\376\377\000A\000D\000M\000I\000N\000I\000S\000T\000R\000A\000T\000I\000O\000N}{}% 21
\BOOKMARK [0][-]{chapter.3}{\376\377\000A\000R\000C\000H\000I\000T\000E\000C\000T\000U\000R\000E}{}% 22
\BOOKMARK [1][-]{section.3.1}{\376\377\000S\000e\000t\000u\000p}{chapter.3}% 23
\BOOKMARK [1][-]{section.3.2}{\376\377\000F\000o\000l\000d\000e\000r\000\040\000a\000n\000d\000\040\000F\000i\000l\000e\000\040\000s\000t\000r\000u\000c\000t\000u\000r\000e}{chapter.3}% 24
\BOOKMARK [1][-]{section.3.3}{\376\377\000C\000o\000m\000p\000o\000n\000e\000n\000t\000s}{chapter.3}% 25
\BOOKMARK [2][-]{subsection.3.3.1}{\376\377\000a\000n\000o\000n\000y\000m\000i\000z\000e\000A\000n\000d\000S\000e\000n\000d\000.\000p\000y}{section.3.3}% 26
\BOOKMARK [2][-]{subsection.3.3.2}{\376\377\000c\000l\000e\000a\000r\000E\000x\000p\000o\000r\000t\000s\000.\000s\000h}{section.3.3}% 27
\BOOKMARK [2][-]{subsection.3.3.3}{\376\377\000c\000l\000e\000a\000r\000O\000l\000d\000F\000i\000l\000e\000s\000.\000s\000h}{section.3.3}% 28
\BOOKMARK [2][-]{subsection.3.3.4}{\376\377\000c\000l\000e\000a\000r\000S\000t\000a\000l\000e\000L\000i\000n\000k\000s\000.\000s\000h}{section.3.3}% 29
\BOOKMARK [2][-]{subsection.3.3.5}{\376\377\000c\000r\000e\000a\000t\000e\000T\000r\000a\000n\000s\000f\000e\000r\000R\000e\000q\000u\000e\000s\000t\000s\000.\000p\000y}{section.3.3}% 30
\BOOKMARK [2][-]{subsection.3.3.6}{\376\377\000c\000r\000e\000a\000t\000e\000T\000r\000a\000n\000s\000f\000e\000r\000R\000e\000q\000u\000e\000s\000t\000s\000F\000o\000r\000P\000r\000o\000c\000e\000s\000s\000e\000d\000.\000p\000y}{section.3.3}% 31
\BOOKMARK [2][-]{subsection.3.3.7}{\376\377\000c\000r\000e\000a\000t\000e\000Z\000i\000p\000F\000i\000l\000e\000C\000m\000d\000.\000p\000h\000p}{section.3.3}% 32
\BOOKMARK [2][-]{subsection.3.3.8}{\376\377\000c\000r\000o\000n\000.\000s\000h}{section.3.3}% 33
\BOOKMARK [2][-]{subsection.3.3.9}{\376\377\000g\000e\000t\000A\000l\000l\000P\000a\000t\000i\000e\000n\000t\000s\0002\000.\000s\000h}{section.3.3}% 34
\BOOKMARK [2][-]{subsection.3.3.10}{\376\377\000h\000e\000a\000r\000t\000b\000e\000a\000t\000.\000s\000h}{section.3.3}% 35
\BOOKMARK [2][-]{subsection.3.3.11}{\376\377\000p\000a\000r\000s\000e\000A\000l\000l\000P\000a\000t\000i\000e\000n\000t\000s\000.\000s\000h}{section.3.3}% 36
\BOOKMARK [2][-]{subsection.3.3.12}{\376\377\000p\000o\000p\000u\000l\000a\000t\000e\000A\000u\000t\000o\000I\000D\000.\000p\000y}{section.3.3}% 37
\BOOKMARK [2][-]{subsection.3.3.13}{\376\377\000p\000o\000p\000u\000l\000a\000t\000e\000I\000n\000c\000o\000m\000i\000n\000g\000.\000p\000y}{section.3.3}% 38
\BOOKMARK [2][-]{subsection.3.3.14}{\376\377\000p\000o\000p\000u\000l\000a\000t\000e\000P\000r\000o\000j\000e\000c\000t\000s\000.\000p\000y}{section.3.3}% 39
\BOOKMARK [2][-]{subsection.3.3.15}{\376\377\000p\000r\000o\000c\000e\000s\000s\000S\000i\000n\000g\000l\000e\000F\000i\000l\000e\0003\000.\000p\000y}{section.3.3}% 40
\BOOKMARK [2][-]{subsection.3.3.16}{\376\377\000p\000r\000o\000c\000e\000s\000s\000\137\000t\000i\000f\000f\000.\000s\000h}{section.3.3}% 41
\BOOKMARK [2][-]{subsection.3.3.17}{\376\377\000r\000e\000m\000o\000v\000e\000O\000l\000d\000E\000n\000t\000r\000i\000e\000s\000.\000s\000h}{section.3.3}% 42
\BOOKMARK [2][-]{subsection.3.3.18}{\376\377\000r\000e\000s\000e\000n\000d\000P\000r\000o\000j\000e\000c\000t\000.\000p\000y}{section.3.3}% 43
\BOOKMARK [2][-]{subsection.3.3.19}{\376\377\000r\000u\000n\000O\000n\000e\000J\000o\000b\000.\000s\000h}{section.3.3}% 44
\BOOKMARK [2][-]{subsection.3.3.20}{\376\377\000s\0002\000m\000.\000s\000h}{section.3.3}% 45
\BOOKMARK [2][-]{subsection.3.3.21}{\376\377\000s\000e\000n\000d\000F\000i\000l\000e\000s\000.\000s\000h}{section.3.3}% 46
\BOOKMARK [2][-]{subsection.3.3.22}{\376\377\000s\000t\000o\000r\000e\000c\000t\000l\000.\000s\000h}{section.3.3}% 47
\BOOKMARK [2][-]{subsection.3.3.23}{\376\377\000w\000h\000a\000t\000I\000s\000I\000n\000I\000D\000S\0007\000.\000p\000y}{section.3.3}% 48
\BOOKMARK [2][-]{subsection.3.3.24}{\376\377\000w\000h\000a\000t\000I\000s\000N\000o\000t\000I\000n\000I\000D\000S\0007\000.\000p\000y}{section.3.3}% 49
\BOOKMARK [1][-]{section.3.4}{\376\377\000S\000y\000s\000t\000e\000m\000\040\000s\000e\000t\000u\000p\000\040\000p\000i\000p\000e\000l\000i\000n\000e}{chapter.3}% 50
\BOOKMARK [1][-]{section.3.5}{\376\377\000D\000a\000t\000a\000\040\000f\000l\000o\000w}{chapter.3}% 51
\BOOKMARK [1][-]{section.3.6}{\376\377\000D\000a\000t\000a\000\040\000S\000t\000o\000r\000a\000g\000e\000\040\000S\000t\000r\000u\000c\000t\000u\000r\000e}{chapter.3}% 52
\BOOKMARK [0][-]{chapter.4}{\376\377\000C\000o\000n\000t\000a\000c\000t\000\040\000I\000n\000f\000o\000r\000m\000a\000t\000i\000o\000n}{}% 53
\BOOKMARK [0][-]{chapter.5}{\376\377\000I\000n\000d\000i\000c\000e\000s\000\040\000a\000n\000d\000\040\000t\000a\000b\000l\000e\000s}{}% 54
