This is pdfTeX, Version 3.141592653-2.6-1.40.22 (TeX Live 2022/dev/Debian) (preloaded format=pdflatex 2025.2.12)  12 AUG 2025 18:06
entering extended mode
 restricted \write18 enabled.
 %&-line parsing enabled.
**fionadocs.tex
(./fionadocs.tex
LaTeX2e <2021-11-15> patch level 1
L3 programming layer <2022-01-21> (./sphinxmanual.cls
Document Class: sphinxmanual 2019/12/01 v2.3.0 Document class (Sphinx manual)
(/usr/share/texlive/texmf-dist/tex/latex/base/report.cls
Document Class: report 2021/10/04 v1.4n Standard LaTeX document class
(/usr/share/texlive/texmf-dist/tex/latex/base/size10.clo
File: size10.clo 2021/10/04 v1.4n Standard LaTeX file (size option)
)
\c@part=\count185
\c@chapter=\count186
\c@section=\count187
\c@subsection=\count188
\c@subsubsection=\count189
\c@paragraph=\count190
\c@subparagraph=\count191
\c@figure=\count192
\c@table=\count193
\abovecaptionskip=\skip47
\belowcaptionskip=\skip48
\bibindent=\dimen138
)
LaTeX Info: Redefining \and on input line 35.
)
(/usr/share/texlive/texmf-dist/tex/latex/base/inputenc.sty
Package: inputenc 2021/02/14 v1.3d Input encoding file
\inpenc@prehook=\toks16
\inpenc@posthook=\toks17
)
   defining Unicode char U+00A0 (decimal 160)
   defining Unicode char U+2500 (decimal 9472)
   defining Unicode char U+2502 (decimal 9474)
   defining Unicode char U+2514 (decimal 9492)
   defining Unicode char U+251C (decimal 9500)
   defining Unicode char U+2572 (decimal 9586)

(/usr/share/texlive/texmf-dist/tex/latex/cmap/cmap.sty
Package: cmap 2021/02/06 v1.0j CMap support: searchable PDF
)
(/usr/share/texlive/texmf-dist/tex/latex/base/fontenc.sty
Package: fontenc 2021/04/29 v2.0v Standard LaTeX package
<<t1.cmap>>)
(/usr/share/texlive/texmf-dist/tex/latex/amsmath/amsmath.sty
Package: amsmath 2021/10/15 v2.17l AMS math features
\@mathmargin=\skip49

For additional information on amsmath, use the `?' option.
(/usr/share/texlive/texmf-dist/tex/latex/amsmath/amstext.sty
Package: amstext 2021/08/26 v2.01 AMS text

(/usr/share/texlive/texmf-dist/tex/latex/amsmath/amsgen.sty
File: amsgen.sty 1999/11/30 v2.0 generic functions
\@emptytoks=\toks18
\ex@=\dimen139
))
(/usr/share/texlive/texmf-dist/tex/latex/amsmath/amsbsy.sty
Package: amsbsy 1999/11/29 v1.2d Bold Symbols
\pmbraise@=\dimen140
)
(/usr/share/texlive/texmf-dist/tex/latex/amsmath/amsopn.sty
Package: amsopn 2021/08/26 v2.02 operator names
)
\inf@bad=\count194
LaTeX Info: Redefining \frac on input line 234.
\uproot@=\count195
\leftroot@=\count196
LaTeX Info: Redefining \overline on input line 399.
\classnum@=\count197
\DOTSCASE@=\count198
LaTeX Info: Redefining \ldots on input line 496.
LaTeX Info: Redefining \dots on input line 499.
LaTeX Info: Redefining \cdots on input line 620.
\Mathstrutbox@=\box50
\strutbox@=\box51
\big@size=\dimen141
LaTeX Font Info:    Redeclaring font encoding OML on input line 743.
LaTeX Font Info:    Redeclaring font encoding OMS on input line 744.
\macc@depth=\count199
\c@MaxMatrixCols=\count266
\dotsspace@=\muskip16
\c@parentequation=\count267
\dspbrk@lvl=\count268
\tag@help=\toks19
\row@=\count269
\column@=\count270
\maxfields@=\count271
\andhelp@=\toks20
\eqnshift@=\dimen142
\alignsep@=\dimen143
\tagshift@=\dimen144
\tagwidth@=\dimen145
\totwidth@=\dimen146
\lineht@=\dimen147
\@envbody=\toks21
\multlinegap=\skip50
\multlinetaggap=\skip51
\mathdisplay@stack=\toks22
LaTeX Info: Redefining \[ on input line 2938.
LaTeX Info: Redefining \] on input line 2939.
)
(/usr/share/texlive/texmf-dist/tex/latex/amsfonts/amssymb.sty
Package: amssymb 2013/01/14 v3.01 AMS font symbols

(/usr/share/texlive/texmf-dist/tex/latex/amsfonts/amsfonts.sty
Package: amsfonts 2013/01/14 v3.01 Basic AMSFonts support
\symAMSa=\mathgroup4
\symAMSb=\mathgroup5
LaTeX Font Info:    Redeclaring math symbol \hbar on input line 98.
LaTeX Font Info:    Overwriting math alphabet `\mathfrak' in version `bold'
(Font)                  U/euf/m/n --> U/euf/b/n on input line 106.
))
(/usr/share/texlive/texmf-dist/tex/generic/babel/babel.sty
Package: babel 2022/01/26 3.70 The Babel package
\babel@savecnt=\count272
\U@D=\dimen148
\l@unhyphenated=\language6

(/usr/share/texlive/texmf-dist/tex/generic/babel/txtbabel.def)
\bbl@readstream=\read2
\bbl@dirlevel=\count273

(/usr/share/texlive/texmf-dist/tex/generic/babel-english/english.ldf
Language: english 2017/06/06 v3.3r English support from the babel system
Package babel Info: Hyphen rules for 'canadian' set to \l@english
(babel)             (\language0). Reported on input line 102.
Package babel Info: Hyphen rules for 'australian' set to \l@ukenglish
(babel)             (\language4). Reported on input line 105.
Package babel Info: Hyphen rules for 'newzealand' set to \l@ukenglish
(babel)             (\language4). Reported on input line 108.
))
(/usr/share/texmf/tex/latex/tex-gyre/tgtermes.sty
Package: tgtermes 2009/09/27 v1.2 TeX Gyre Termes as default roman family

(/usr/share/texlive/texmf-dist/tex/latex/kvoptions/kvoptions.sty
Package: kvoptions 2020-10-07 v3.14 Key value format for package options (HO)

(/usr/share/texlive/texmf-dist/tex/latex/graphics/keyval.sty
Package: keyval 2014/10/28 v1.15 key=value parser (DPC)
\KV@toks@=\toks23
)
(/usr/share/texlive/texmf-dist/tex/generic/ltxcmds/ltxcmds.sty
Package: ltxcmds 2020-05-10 v1.25 LaTeX kernel commands for general use (HO)
)
(/usr/share/texlive/texmf-dist/tex/generic/kvsetkeys/kvsetkeys.sty
Package: kvsetkeys 2019/12/15 v1.18 Key value parser (HO)
)))
(/usr/share/texmf/tex/latex/tex-gyre/tgheros.sty
Package: tgheros 2009/09/27 v1.2 TeX Gyre Heros as default sans serif family
)
(/usr/share/texlive/texmf-dist/tex/latex/fncychap/fncychap.sty
Package: fncychap 2007/07/30 v1.34 LaTeX package (Revised chapters)
\RW=\skip52
\mylen=\skip53
\myhi=\skip54
\px=\skip55
\py=\skip56
\pyy=\skip57
\pxx=\skip58
\c@AlphaCnt=\count274
\c@AlphaDecCnt=\count275
) (./sphinx.sty
Package: sphinx 2024/11/23 v8.2.0 Sphinx LaTeX package (sphinx-doc)

(/usr/share/texlive/texmf-dist/tex/latex/xcolor/xcolor.sty
Package: xcolor 2021/10/31 v2.13 LaTeX color extensions (UK)

(/usr/share/texlive/texmf-dist/tex/latex/graphics-cfg/color.cfg
File: color.cfg 2016/01/02 v1.6 sample color configuration
)
Package xcolor Info: Driver file: pdftex.def on input line 227.

(/usr/share/texlive/texmf-dist/tex/latex/graphics-def/pdftex.def
File: pdftex.def 2020/10/05 v1.2a Graphics/color driver for pdftex
)
Package xcolor Info: Model `cmy' substituted by `cmy0' on input line 1352.
Package xcolor Info: Model `hsb' substituted by `rgb' on input line 1356.
Package xcolor Info: Model `RGB' extended on input line 1368.
Package xcolor Info: Model `HTML' substituted by `rgb' on input line 1370.
Package xcolor Info: Model `Hsb' substituted by `hsb' on input line 1371.
Package xcolor Info: Model `tHsb' substituted by `hsb' on input line 1372.
Package xcolor Info: Model `HSB' substituted by `hsb' on input line 1373.
Package xcolor Info: Model `Gray' substituted by `gray' on input line 1374.
Package xcolor Info: Model `wave' substituted by `hsb' on input line 1375.
)
(./sphinxoptionshyperref.sty
Package: sphinxoptionshyperref 2021/01/27 hyperref
) (./sphinxoptionsgeometry.sty
Package: sphinxoptionsgeometry 2021/01/27 geometry
)
(/usr/share/texlive/texmf-dist/tex/latex/base/textcomp.sty
Package: textcomp 2020/02/02 v2.0n Standard LaTeX package
)
(/usr/share/texlive/texmf-dist/tex/latex/float/float.sty
Package: float 2001/11/08 v1.3d Float enhancements (AL)
\c@float@type=\count276
\float@exts=\toks24
\float@box=\box52
\@float@everytoks=\toks25
\@floatcapt=\box53
)
(/usr/share/texlive/texmf-dist/tex/latex/wrapfig/wrapfig.sty
\wrapoverhang=\dimen149
\WF@size=\dimen150
\c@WF@wrappedlines=\count277
\WF@box=\box54
\WF@everypar=\toks26
Package: wrapfig 2003/01/31  v 3.6
)
(/usr/share/texlive/texmf-dist/tex/latex/capt-of/capt-of.sty
Package: capt-of 2009/12/29 v0.2 standard captions outside of floats
)
(/usr/share/texlive/texmf-dist/tex/latex/tools/multicol.sty
Package: multicol 2021/10/28 v1.9b multicolumn formatting (FMi)
\c@tracingmulticols=\count278
\mult@box=\box55
\multicol@leftmargin=\dimen151
\c@unbalance=\count279
\c@collectmore=\count280
\doublecol@number=\count281
\multicoltolerance=\count282
\multicolpretolerance=\count283
\full@width=\dimen152
\page@free=\dimen153
\premulticols=\dimen154
\postmulticols=\dimen155
\multicolsep=\skip59
\multicolbaselineskip=\skip60
\partial@page=\box56
\last@line=\box57
\maxbalancingoverflow=\dimen156
\mult@rightbox=\box58
\mult@grightbox=\box59
\mult@firstbox=\box60
\mult@gfirstbox=\box61
\@tempa=\box62
\@tempa=\box63
\@tempa=\box64
\@tempa=\box65
\@tempa=\box66
\@tempa=\box67
\@tempa=\box68
\@tempa=\box69
\@tempa=\box70
\@tempa=\box71
\@tempa=\box72
\@tempa=\box73
\@tempa=\box74
\@tempa=\box75
\@tempa=\box76
\@tempa=\box77
\@tempa=\box78
\@tempa=\box79
\@tempa=\box80
\@tempa=\box81
\@tempa=\box82
\@tempa=\box83
\@tempa=\box84
\@tempa=\box85
\@tempa=\box86
\@tempa=\box87
\@tempa=\box88
\@tempa=\box89
\@tempa=\box90
\@tempa=\box91
\@tempa=\box92
\@tempa=\box93
\@tempa=\box94
\@tempa=\box95
\@tempa=\box96
\@tempa=\box97
\c@minrows=\count284
\c@columnbadness=\count285
\c@finalcolumnbadness=\count286
\last@try=\dimen157
\multicolovershoot=\dimen158
\multicolundershoot=\dimen159
\mult@nat@firstbox=\box98
\colbreak@box=\box99
\mc@col@check@num=\count287
)
(/usr/share/texlive/texmf-dist/tex/latex/graphics/graphicx.sty
Package: graphicx 2021/09/16 v1.2d Enhanced LaTeX Graphics (DPC,SPQR)

(/usr/share/texlive/texmf-dist/tex/latex/graphics/graphics.sty
Package: graphics 2021/03/04 v1.4d Standard LaTeX Graphics (DPC,SPQR)

(/usr/share/texlive/texmf-dist/tex/latex/graphics/trig.sty
Package: trig 2021/08/11 v1.11 sin cos tan (DPC)
)
(/usr/share/texlive/texmf-dist/tex/latex/graphics-cfg/graphics.cfg
File: graphics.cfg 2016/06/04 v1.11 sample graphics configuration
)
Package graphics Info: Driver file: pdftex.def on input line 107.
)
\Gin@req@height=\dimen160
\Gin@req@width=\dimen161
)
(./sphinxlatexgraphics.sty
Package: sphinxlatexgraphics 2024/08/13 v8.1.0 graphics
\spx@image@maxheight=\dimen162
\spx@image@box=\box100
) (./sphinxpackageboxes.sty
Package: sphinxpackageboxes 2024/07/01 v7.4.0 advanced colored boxes

(/usr/share/texlive/texmf-dist/tex/latex/pict2e/pict2e.sty
Package: pict2e 2020/09/30 v0.4b Improved picture commands (HjG,RN,JT)

(/usr/share/texlive/texmf-dist/tex/latex/pict2e/pict2e.cfg
File: pict2e.cfg 2016/02/05 v0.1u pict2e configuration for teTeX/TeXLive
)
Package pict2e Info: Driver file: pdftex.def on input line 112.
Package pict2e Info: Driver file for pict2e: p2e-pdftex.def on input line 114.

(/usr/share/texlive/texmf-dist/tex/latex/pict2e/p2e-pdftex.def
File: p2e-pdftex.def 2016/02/05 v0.1u Driver-dependant file (RN,HjG,JT)
)
\pIIe@GRAPH=\toks27
\@arclen=\dimen163
\@arcrad=\dimen164
\pIIe@tempdima=\dimen165
\pIIe@tempdimb=\dimen166
\pIIe@tempdimc=\dimen167
\pIIe@tempdimd=\dimen168
\pIIe@tempdime=\dimen169
\pIIe@tempdimf=\dimen170
)
(/usr/share/texlive/texmf-dist/tex/latex/ellipse/ellipse.sty
Package: ellipse 2004/11/05 v1.0 .dtx ellipse file
)
\@tempdimd=\dimen171
\spx@tempboxa=\box101
\spx@tempboxb=\box102
\spx@boxes@border@top=\dimen172
\spx@boxes@border@right=\dimen173
\spx@boxes@border@bottom=\dimen174
\spx@boxes@border@left=\dimen175
\spx@boxes@padding@top=\dimen176
\spx@boxes@padding@right=\dimen177
\spx@boxes@padding@bottom=\dimen178
\spx@boxes@padding@left=\dimen179
\spx@boxes@shadow@xoffset=\dimen180
\spx@boxes@shadow@yoffset=\dimen181
\spx@boxes@radius@topleft@x=\dimen182
\spx@boxes@radius@topright@x=\dimen183
\spx@boxes@radius@bottomright@x=\dimen184
\spx@boxes@radius@bottomleft@x=\dimen185
\spx@boxes@radius@topleft@y=\dimen186
\spx@boxes@radius@topright@y=\dimen187
\spx@boxes@radius@bottomright@y=\dimen188
\spx@boxes@radius@bottomleft@y=\dimen189
)
(./sphinxlatexadmonitions.sty
Package: sphinxlatexadmonitions 2024/10/11 v8.1.1 admonitions

(/usr/share/texlive/texmf-dist/tex/latex/framed/framed.sty
Package: framed 2011/10/22 v 0.96: framed or shaded text with page breaks
\OuterFrameSep=\skip61
\fb@frw=\dimen190
\fb@frh=\dimen191
\FrameRule=\dimen192
\FrameSep=\dimen193
)
(./sphinxpackagefootnote.sty
Package: sphinxpackagefootnote 2024/05/17 v7.3.x Sphinx custom footnotehyper pa
ckage (Sphinx team)
\FNH@notes=\box103
\FNH@toks=\toks28
\FNH@width=\dimen194
\c@sphinxfootnotemark=\count288
)
\spx@notice@border=\dimen195
\c@sphinxtodo=\count289
) (./sphinxlatexliterals.sty
Package: sphinxlatexliterals 2024/07/01 v7.4.0 code-blocks and parsed literals

(/usr/share/texlive/texmf-dist/tex/latex/fancyvrb/fancyvrb.sty
Package: fancyvrb 2021/12/21 4.1b verbatim text (tvz,hv)
\FV@CodeLineNo=\count290
\FV@InFile=\read3
\FV@TabBox=\box104
\c@FancyVerbLine=\count291
\FV@StepNumber=\count292
\FV@OutFile=\write3
)
(/usr/share/texlive/texmf-dist/tex/latex/base/alltt.sty
Package: alltt 2021/01/29 v2.0g defines alltt environment
)
(/usr/share/texlive/texmf-dist/tex/latex/upquote/upquote.sty
Package: upquote 2012/04/19 v1.3 upright-quote and grave-accent glyphs in verba
tim
)
(/usr/share/texlive/texmf-dist/tex/latex/needspace/needspace.sty
Package: needspace 2010/09/12 v1.3d reserve vertical space
)
\sphinxcontinuationbox=\box105
\sphinxvisiblespacebox=\box106
\sphinxVerbatim@TitleBox=\box107
\sphinxVerbatim@ContentsBox=\box108
)
(./sphinxlatexshadowbox.sty
Package: sphinxlatexshadowbox 2024/07/28 v8.1.0 sphinxShadowBox
) (./sphinxlatexcontainers.sty
Package: sphinxlatexcontainers 2021/05/03 containers
)
(./sphinxhighlight.sty
Package: sphinxhighlight 2022/06/30 stylesheet for highlighting with pygments
) (./sphinxlatextables.sty
Package: sphinxlatextables 2024/07/01 v7.4.0 tables

(/usr/share/texlive/texmf-dist/tex/latex/tabulary/tabulary.sty
Package: tabulary 2014/06/11 v0.10 tabulary package (DPC)

(/usr/share/texlive/texmf-dist/tex/latex/tools/array.sty
Package: array 2021/10/04 v2.5f Tabular extension package (FMi)
\col@sep=\dimen196
\ar@mcellbox=\box109
\extrarowheight=\dimen197
\NC@list=\toks29
\extratabsurround=\skip62
\backup@length=\skip63
\ar@cellbox=\box110
)
\TY@count=\count293
\TY@linewidth=\dimen198
\tymin=\dimen199
\tymax=\dimen256
\TY@tablewidth=\dimen257
)
(/usr/share/texlive/texmf-dist/tex/latex/tools/longtable.sty
Package: longtable 2021-09-01 v4.17 Multi-page Table package (DPC)
\LTleft=\skip64
\LTright=\skip65
\LTpre=\skip66
\LTpost=\skip67
\LTchunksize=\count294
\LTcapwidth=\dimen258
\LT@head=\box111
\LT@firsthead=\box112
\LT@foot=\box113
\LT@lastfoot=\box114
\LT@gbox=\box115
\LT@cols=\count295
\LT@rows=\count296
\c@LT@tables=\count297
\c@LT@chunks=\count298
\LT@p@ftn=\toks30
)
(/usr/share/texlive/texmf-dist/tex/latex/varwidth/varwidth.sty
Package: varwidth 2009/03/30 ver 0.92;  Variable-width minipages
\@vwid@box=\box116
\sift@deathcycles=\count299
\@vwid@loff=\dimen259
\@vwid@roff=\dimen260
)
\sphinx@TY@tablewidth=\dimen261

(/usr/share/texlive/texmf-dist/tex/latex/colortbl/colortbl.sty
Package: colortbl 2020/01/04 v1.0e Color table columns (DPC)
\everycr=\toks31
\minrowclearance=\skip68
)
\rownum=\count300

(/usr/share/texlive/texmf-dist/tex/latex/booktabs/booktabs.sty
Package: booktabs 2020/01/12 v1.61803398 Publication quality tables
\heavyrulewidth=\dimen262
\lightrulewidth=\dimen263
\cmidrulewidth=\dimen264
\belowrulesep=\dimen265
\belowbottomsep=\dimen266
\aboverulesep=\dimen267
\abovetopsep=\dimen268
\cmidrulesep=\dimen269
\cmidrulekern=\dimen270
\defaultaddspace=\dimen271
\@cmidla=\count301
\@cmidlb=\count302
\@aboverulesep=\dimen272
\@belowrulesep=\dimen273
\@thisruleclass=\count303
\@lastruleclass=\count304
\@thisrulewidth=\dimen274
))
(./sphinxlatexnumfig.sty
Package: sphinxlatexnumfig 2024/07/31 v8.1.0 numbering
) (./sphinxlatexlists.sty
Package: sphinxlatexlists 2021/12/20 lists
\spx@lineitemlabel=\toks32
)
\c@sphinxscope=\count305
 (./sphinxlatexindbibtoc.sty
Package: sphinxlatexindbibtoc 2021/01/27 index, bib., toc

(/usr/share/texlive/texmf-dist/tex/latex/base/makeidx.sty
Package: makeidx 2021/10/04 v1.0m Standard LaTeX package
))
(./sphinxlatexstylepage.sty
Package: sphinxlatexstylepage 2021/01/27 page styling

(/usr/share/texlive/texmf-dist/tex/latex/parskip/parskip.sty
Package: parskip 2021-03-14 v2.0h non-zero parskip adjustments

(/usr/share/texlive/texmf-dist/tex/latex/etoolbox/etoolbox.sty
Package: etoolbox 2020/10/05 v2.5k e-TeX tools for LaTeX (JAW)
\etb@tempcnta=\count306
))
(/usr/share/texlive/texmf-dist/tex/latex/fancyhdr/fancyhdr.sty
Package: fancyhdr 2021/01/28 v4.0.1 Extensive control of page headers and foote
rs
\f@nch@headwidth=\skip69
\f@nch@O@elh=\skip70
\f@nch@O@erh=\skip71
\f@nch@O@olh=\skip72
\f@nch@O@orh=\skip73
\f@nch@O@elf=\skip74
\f@nch@O@erf=\skip75
\f@nch@O@olf=\skip76
\f@nch@O@orf=\skip77
))
(./sphinxlatexstyleheadings.sty
Package: sphinxlatexstyleheadings 2023/02/11 headings

(/usr/share/texlive/texmf-dist/tex/latex/titlesec/titlesec.sty
Package: titlesec 2021/07/05 v2.14 Sectioning titles
\ttl@box=\box117
\beforetitleunit=\skip78
\aftertitleunit=\skip79
\ttl@plus=\dimen275
\ttl@minus=\dimen276
\ttl@toksa=\toks33
\titlewidth=\dimen277
\titlewidthlast=\dimen278
\titlewidthfirst=\dimen279
))
(./sphinxlatexstyletext.sty
Package: sphinxlatexstyletext 2024/07/28 v8.1.0 text styling
) (./sphinxlatexobjects.sty
Package: sphinxlatexobjects 2025/02/11 documentation environments
\sphinxsignaturesep=\skip80
\sphinxsignaturelistskip=\skip81
\py@argswidth=\skip82
\lineblockindentation=\skip83
\DUlineblockindent=\skip84
))
(/usr/share/texlive/texmf-dist/tex/latex/geometry/geometry.sty
Package: geometry 2020/01/02 v5.9 Page Geometry

(/usr/share/texlive/texmf-dist/tex/generic/iftex/ifvtex.sty
Package: ifvtex 2019/10/25 v1.7 ifvtex legacy package. Use iftex instead.

(/usr/share/texlive/texmf-dist/tex/generic/iftex/iftex.sty
Package: iftex 2020/03/06 v1.0d TeX engine tests
))
\Gm@cnth=\count307
\Gm@cntv=\count308
\c@Gm@tempcnt=\count309
\Gm@bindingoffset=\dimen280
\Gm@wd@mp=\dimen281
\Gm@odd@mp=\dimen282
\Gm@even@mp=\dimen283
\Gm@layoutwidth=\dimen284
\Gm@layoutheight=\dimen285
\Gm@layouthoffset=\dimen286
\Gm@layoutvoffset=\dimen287
\Gm@dimlist=\toks34
)
(/usr/share/texlive/texmf-dist/tex/latex/hyperref/hyperref.sty
Package: hyperref 2021-06-07 v7.00m Hypertext links for LaTeX

(/usr/share/texlive/texmf-dist/tex/generic/pdftexcmds/pdftexcmds.sty
Package: pdftexcmds 2020-06-27 v0.33 Utility functions of pdfTeX for LuaTeX (HO
)

(/usr/share/texlive/texmf-dist/tex/generic/infwarerr/infwarerr.sty
Package: infwarerr 2019/12/03 v1.5 Providing info/warning/error messages (HO)
)
Package pdftexcmds Info: \pdf@primitive is available.
Package pdftexcmds Info: \pdf@ifprimitive is available.
Package pdftexcmds Info: \pdfdraftmode found.
)
(/usr/share/texlive/texmf-dist/tex/generic/kvdefinekeys/kvdefinekeys.sty
Package: kvdefinekeys 2019-12-19 v1.6 Define keys (HO)
)
(/usr/share/texlive/texmf-dist/tex/generic/pdfescape/pdfescape.sty
Package: pdfescape 2019/12/09 v1.15 Implements pdfTeX's escape features (HO)
)
(/usr/share/texlive/texmf-dist/tex/latex/hycolor/hycolor.sty
Package: hycolor 2020-01-27 v1.10 Color options for hyperref/bookmark (HO)
)
(/usr/share/texlive/texmf-dist/tex/latex/letltxmacro/letltxmacro.sty
Package: letltxmacro 2019/12/03 v1.6 Let assignment for LaTeX macros (HO)
)
(/usr/share/texlive/texmf-dist/tex/latex/auxhook/auxhook.sty
Package: auxhook 2019-12-17 v1.6 Hooks for auxiliary files (HO)
)
\@linkdim=\dimen288
\Hy@linkcounter=\count310
\Hy@pagecounter=\count311

(/usr/share/texlive/texmf-dist/tex/latex/hyperref/pd1enc.def
File: pd1enc.def 2021-06-07 v7.00m Hyperref: PDFDocEncoding definition (HO)
Now handling font encoding PD1 ...
... no UTF-8 mapping file for font encoding PD1
)
(/usr/share/texlive/texmf-dist/tex/latex/hyperref/hyperref-langpatches.def
File: hyperref-langpatches.def 2021-06-07 v7.00m Hyperref: patches for babel la
nguages
)
(/usr/share/texlive/texmf-dist/tex/generic/intcalc/intcalc.sty
Package: intcalc 2019/12/15 v1.3 Expandable calculations with integers (HO)
)
(/usr/share/texlive/texmf-dist/tex/generic/etexcmds/etexcmds.sty
Package: etexcmds 2019/12/15 v1.7 Avoid name clashes with e-TeX commands (HO)
)
\Hy@SavedSpaceFactor=\count312

(/usr/share/texlive/texmf-dist/tex/latex/hyperref/puenc.def
File: puenc.def 2021-06-07 v7.00m Hyperref: PDF Unicode definition (HO)
Now handling font encoding PU ...
... no UTF-8 mapping file for font encoding PU
)
Package hyperref Info: Option `unicode' set `true' on input line 4073.
Package hyperref Info: Option `colorlinks' set `true' on input line 4073.
Package hyperref Info: Option `breaklinks' set `true' on input line 4073.
Package hyperref Info: Hyper figures OFF on input line 4192.
Package hyperref Info: Link nesting OFF on input line 4197.
Package hyperref Info: Hyper index ON on input line 4200.
Package hyperref Info: Plain pages OFF on input line 4207.
Package hyperref Info: Backreferencing OFF on input line 4212.
Package hyperref Info: Implicit mode ON; LaTeX internals redefined.
Package hyperref Info: Bookmarks ON on input line 4445.
\c@Hy@tempcnt=\count313

(/usr/share/texlive/texmf-dist/tex/latex/url/url.sty
\Urlmuskip=\muskip17
Package: url 2013/09/16  ver 3.4  Verb mode for urls, etc.
)
LaTeX Info: Redefining \url on input line 4804.
\XeTeXLinkMargin=\dimen289

(/usr/share/texlive/texmf-dist/tex/generic/bitset/bitset.sty
Package: bitset 2019/12/09 v1.3 Handle bit-vector datatype (HO)

(/usr/share/texlive/texmf-dist/tex/generic/bigintcalc/bigintcalc.sty
Package: bigintcalc 2019/12/15 v1.5 Expandable calculations on big integers (HO
)
))
\Fld@menulength=\count314
\Field@Width=\dimen290
\Fld@charsize=\dimen291
Package hyperref Info: Hyper figures OFF on input line 6076.
Package hyperref Info: Link nesting OFF on input line 6081.
Package hyperref Info: Hyper index ON on input line 6084.
Package hyperref Info: backreferencing OFF on input line 6091.
Package hyperref Info: Link coloring ON on input line 6094.
Package hyperref Info: Link coloring with OCG OFF on input line 6101.
Package hyperref Info: PDF/A mode OFF on input line 6106.
LaTeX Info: Redefining \ref on input line 6146.
LaTeX Info: Redefining \pageref on input line 6150.

(/usr/share/texlive/texmf-dist/tex/latex/base/atbegshi-ltx.sty
Package: atbegshi-ltx 2021/01/10 v1.0c Emulation of the original atbegshi
package with kernel methods
)
\Hy@abspage=\count315
\c@Item=\count316
\c@Hfootnote=\count317
)
Package hyperref Info: Driver (autodetected): hpdftex.

(/usr/share/texlive/texmf-dist/tex/latex/hyperref/hpdftex.def
File: hpdftex.def 2021-06-07 v7.00m Hyperref driver for pdfTeX

(/usr/share/texlive/texmf-dist/tex/latex/base/atveryend-ltx.sty
Package: atveryend-ltx 2020/08/19 v1.0a Emulation of the original atveryend pac
kage
with kernel methods
)
\Fld@listcount=\count318
\c@bookmark@seq@number=\count319

(/usr/share/texlive/texmf-dist/tex/latex/rerunfilecheck/rerunfilecheck.sty
Package: rerunfilecheck 2019/12/05 v1.9 Rerun checks for auxiliary files (HO)

(/usr/share/texlive/texmf-dist/tex/generic/uniquecounter/uniquecounter.sty
Package: uniquecounter 2019/12/15 v1.4 Provide unlimited unique counter (HO)
)
Package uniquecounter Info: New unique counter `rerunfilecheck' on input line 2
86.
)
\Hy@SectionHShift=\skip85
)
(/usr/share/texlive/texmf-dist/tex/latex/oberdiek/hypcap.sty
Package: hypcap 2016/05/16 v1.12 Adjusting the anchors of captions (HO)
)
(./sphinxmessages.sty
Package: sphinxmessages 2019/01/04 v2.0 Localized LaTeX macros (Sphinx team)
)
\@indexfile=\write4
\openout4 = `fionadocs.idx'.


Writing index file fionadocs.idx
LaTeX Font Info:    Trying to load font information for T1+qtm on input line 72
.
(/usr/share/texmf/tex/latex/tex-gyre/t1qtm.fd
File: t1qtm.fd 2009/09/25 v1.2 font definition file for T1/qtm
)
(/usr/share/texlive/texmf-dist/tex/latex/l3backend/l3backend-pdftex.def
File: l3backend-pdftex.def 2022-01-12 L3 backend support: PDF output (pdfTeX)
\l__color_backend_stack_int=\count320
\l__pdf_internal_box=\box118
)
(./fionadocs.aux)
\openout1 = `fionadocs.aux'.

LaTeX Font Info:    Checking defaults for OML/cmm/m/it on input line 72.
LaTeX Font Info:    ... okay on input line 72.
LaTeX Font Info:    Checking defaults for OMS/cmsy/m/n on input line 72.
LaTeX Font Info:    ... okay on input line 72.
LaTeX Font Info:    Checking defaults for OT1/cmr/m/n on input line 72.
LaTeX Font Info:    ... okay on input line 72.
LaTeX Font Info:    Checking defaults for T1/cmr/m/n on input line 72.
LaTeX Font Info:    ... okay on input line 72.
LaTeX Font Info:    Checking defaults for TS1/cmr/m/n on input line 72.
LaTeX Font Info:    ... okay on input line 72.
LaTeX Font Info:    Checking defaults for OMX/cmex/m/n on input line 72.
LaTeX Font Info:    ... okay on input line 72.
LaTeX Font Info:    Checking defaults for U/cmr/m/n on input line 72.
LaTeX Font Info:    ... okay on input line 72.
LaTeX Font Info:    Checking defaults for PD1/pdf/m/n on input line 72.
LaTeX Font Info:    ... okay on input line 72.
LaTeX Font Info:    Checking defaults for PU/pdf/m/n on input line 72.
LaTeX Font Info:    ... okay on input line 72.

(/usr/share/texlive/texmf-dist/tex/context/base/mkii/supp-pdf.mkii
[Loading MPS to PDF converter (version 2006.09.02).]
\scratchcounter=\count321
\scratchdimen=\dimen292
\scratchbox=\box119
\nofMPsegments=\count322
\nofMParguments=\count323
\everyMPshowfont=\toks35
\MPscratchCnt=\count324
\MPscratchDim=\dimen293
\MPnumerator=\count325
\makeMPintoPDFobject=\count326
\everyMPtoPDFconversion=\toks36
) (/usr/share/texlive/texmf-dist/tex/latex/epstopdf-pkg/epstopdf-base.sty
Package: epstopdf-base 2020-01-24 v2.11 Base part for package epstopdf
Package epstopdf-base Info: Redefining graphics rule for `.eps' on input line 4
85.

(/usr/share/texlive/texmf-dist/tex/latex/latexconfig/epstopdf-sys.cfg
File: epstopdf-sys.cfg 2010/07/13 v1.3 Configuration of (r)epstopdf for TeX Liv
e
))
\c@literalblock=\count327

*geometry* driver: auto-detecting
*geometry* detected driver: pdftex
*geometry* verbose mode - [ preamble ] result:
* driver: pdftex
* paper: letterpaper
* layout: <same size as paper>
* layoutoffset:(h,v)=(0.0pt,0.0pt)
* modes: twoside 
* h-part:(L,W,R)=(72.26999pt, 469.75502pt, 72.26999pt)
* v-part:(T,H,B)=(72.26999pt, 650.43001pt, 72.26999pt)
* \paperwidth=614.295pt
* \paperheight=794.96999pt
* \textwidth=469.75502pt
* \textheight=650.43001pt
* \oddsidemargin=0.0pt
* \evensidemargin=0.0pt
* \topmargin=-37.0pt
* \headheight=12.0pt
* \headsep=25.0pt
* \topskip=10.0pt
* \footskip=30.0pt
* \marginparwidth=36.135pt
* \marginparsep=11.0pt
* \columnsep=10.0pt
* \skip\footins=9.0pt plus 4.0pt minus 2.0pt
* \hoffset=0.0pt
* \voffset=0.0pt
* \mag=1000
* \@twocolumnfalse
* \@twosidetrue
* \@mparswitchtrue
* \@reversemarginfalse
* (1in=72.27pt=25.4mm, 1cm=28.453pt)

Package hyperref Info: Link coloring ON on input line 72.
(/usr/share/texlive/texmf-dist/tex/latex/hyperref/nameref.sty
Package: nameref 2021-04-02 v2.47 Cross-referencing by name of section

(/usr/share/texlive/texmf-dist/tex/latex/refcount/refcount.sty
Package: refcount 2019/12/15 v3.6 Data extraction from label references (HO)
)
(/usr/share/texlive/texmf-dist/tex/generic/gettitlestring/gettitlestring.sty
Package: gettitlestring 2019/12/15 v1.6 Cleanup title references (HO)
)
\c@section@level=\count328
)
LaTeX Info: Redefining \ref on input line 72.
LaTeX Info: Redefining \pageref on input line 72.
LaTeX Info: Redefining \nameref on input line 72.

(./fionadocs.out) (./fionadocs.out)
\@outlinefile=\write5
\openout5 = `fionadocs.out'.

Package hyperref Info: Option `pageanchor' set `false' on input line 80.
LaTeX Font Info:    Trying to load font information for T1+qhv on input line 80
.

(/usr/share/texmf/tex/latex/tex-gyre/t1qhv.fd
File: t1qhv.fd 2009/09/25 v1.2 font definition file for T1/qhv
)<<ot1.cmap>><<oml.cmap>><<oms.cmap>><<omx.cmap>>
LaTeX Font Info:    Trying to load font information for U+msa on input line 80.

 (/usr/share/texlive/texmf-dist/tex/latex/amsfonts/umsa.fd
File: umsa.fd 2013/01/14 v3.01 AMS symbols A
)
LaTeX Font Info:    Trying to load font information for U+msb on input line 80.


(/usr/share/texlive/texmf-dist/tex/latex/amsfonts/umsb.fd
File: umsb.fd 2013/01/14 v3.01 AMS symbols B
) [1

{/var/lib/texmf/fonts/map/pdftex/updmap/pdftex.map}] [2


] (./fionadocs.toc)
\tf@toc=\write6
\openout6 = `fionadocs.toc'.

 [1

] [2

]
<mermaid-fa5d0497195ed68246d643b448ad5e1186c6025f.pdf, id=249, 614.295pt x 794.
97pt>
LaTeX Font Info:    Trying to load font information for T1+txtt on input line 9
3.

(/usr/share/texlive/texmf-dist/tex/latex/txfonts/t1txtt.fd
File: t1txtt.fd 2000/12/15 v3.1
)
File: mermaid-fa5d0497195ed68246d643b448ad5e1186c6025f.pdf Graphic file (type p
df)
<use mermaid-fa5d0497195ed68246d643b448ad5e1186c6025f.pdf>
Package pdftex.def Info: mermaid-fa5d0497195ed68246d643b448ad5e1186c6025f.pdf  
used on input line 93.
(pdftex.def)             Requested size: 469.75604pt x 607.93173pt.
 [1]
LaTeX Font Info:    Trying to load font information for TS1+qtm on input line 9
5.

(/usr/share/texmf/tex/latex/tex-gyre/ts1qtm.fd
File: ts1qtm.fd 2009/09/25 v1.2 font definition file for TS1/qtm
) [2 <./mermaid-fa5d0497195ed68246d643b448ad5e1186c6025f.pdf>] [3] [4

]
Chapter 1.
<steve-project.png, id=271, 1397.97281pt x 298.86656pt>
File: steve-project.png Graphic file (type png)
<use steve-project.png>
Package pdftex.def Info: steve-project.png  used on input line 139.
(pdftex.def)             Requested size: 469.737pt x 100.42758pt.
[5 <./steve-project.png>]
<sectra-2.png, id=286, 313.17pt x 367.3725pt>
File: sectra-2.png Graphic file (type png)
<use sectra-2.png>
Package pdftex.def Info: sectra-2.png  used on input line 225.
(pdftex.def)             Requested size: 234.8769pt x 275.52869pt.
<fiona-assign-view.png, id=291, 1387.43344pt x 777.65532pt>
File: fiona-assign-view.png Graphic file (type png)
<use fiona-assign-view.png>
Package pdftex.def Info: fiona-assign-view.png  used on input line 254.
(pdftex.def)             Requested size: 469.75227pt x 263.29576pt.
 [6] [7 <./sectra-2.png> <./fiona-assign-view.png>]
[8] [9] [10]
<redcap-sensitive-data.png, id=340, 945.1561pt x 580.04204pt>
File: redcap-sensitive-data.png Graphic file (type png)
<use redcap-sensitive-data.png>
Package pdftex.def Info: redcap-sensitive-data.png  used on input line 464.
(pdftex.def)             Requested size: 469.76462pt x 288.28557pt.
 [11 <./redcap-sensitive-data.png (PNG copy)>]
<sensitive-data-randomization.png, id=346, 817.55438pt x 466.74374pt>
File: sensitive-data-randomization.png Graphic file (type png)
<use sensitive-data-randomization.png>
Package pdftex.def Info: sensitive-data-randomization.png  used on input line 5
40.
(pdftex.def)             Requested size: 469.76578pt x 268.19751pt.
 [12]
<sensitive-data-e-consent.png, id=355, 718.93594pt x 402.00188pt>
File: sensitive-data-e-consent.png Graphic file (type png)
<use sensitive-data-e-consent.png>
Package pdftex.def Info: sensitive-data-e-consent.png  used on input line 553.
(pdftex.def)             Requested size: 469.77109pt x 262.666pt.
<sensitive-data-e-consent-user-view.png, id=356, 794.97pt x 445.665pt>
File: sensitive-data-e-consent-user-view.png Graphic file (type png)
<use sensitive-data-e-consent-user-view.png>
Package pdftex.def Info: sensitive-data-e-consent-user-view.png  used on input 
line 563.
(pdftex.def)             Requested size: 469.76819pt x 263.34808pt.
<sensitive-data-e-consent-in-person.png, id=357, 706.89093pt x 374.90062pt>
File: sensitive-data-e-consent-in-person.png Graphic file (type png)
<use sensitive-data-e-consent-in-person.png>
Package pdftex.def Info: sensitive-data-e-consent-in-person.png  used on input 
line 573.
(pdftex.def)             Requested size: 469.76376pt x 249.13988pt.
 [13 <./sensitive-data-randomization.png (PNG copy)>] [14 <./sensitive-data-e-c
onsent.png (PNG copy)> <./sensitive-data-e-consent-user-view.png>]
<redcap-end-of-project.png, id=369, 959.08313pt x 672.26157pt>
File: redcap-end-of-project.png Graphic file (type png)
<use redcap-end-of-project.png>
Package pdftex.def Info: redcap-end-of-project.png  used on input line 620.
(pdftex.def)             Requested size: 375.80544pt x 263.42215pt.
 [15 <./sensitive-data-e-consent-in-person.png (PNG copy)>] [16 <./redcap-end-o
f-project.png (PNG copy)>]
Chapter 2.
[17

] [18

]
Chapter 3.
<mermaid-d232899be5c16d633f58ea5dd0508da7ba94305f.pdf, id=401, 614.295pt x 794.
97pt>
File: mermaid-d232899be5c16d633f58ea5dd0508da7ba94305f.pdf Graphic file (type p
df)
<use mermaid-d232899be5c16d633f58ea5dd0508da7ba94305f.pdf>
Package pdftex.def Info: mermaid-d232899be5c16d633f58ea5dd0508da7ba94305f.pdf  
used on input line 683.
(pdftex.def)             Requested size: 469.75604pt x 607.93173pt.
Package hyperref Info: bookmark level for unknown literalblock defaults to 0 on
 input line 697.
LaTeX Font Info:    Font shape `T1/txtt/b/n' in size <10> not available
(Font)              Font shape `T1/txtt/bx/n' tried instead on input line 699.
[19] [20 <./mermaid-d232899be5c16d633f58ea5dd0508da7ba94305f.pdf>]
Overfull \vbox (2.15135pt too high) detected at line 784
 []

[21]
<mermaid-e5c394312c2dd9c356bebe6210bab34ccf563103.pdf, id=518, 614.295pt x 794.
97pt>
File: mermaid-e5c394312c2dd9c356bebe6210bab34ccf563103.pdf Graphic file (type p
df)
<use mermaid-e5c394312c2dd9c356bebe6210bab34ccf563103.pdf>
Package pdftex.def Info: mermaid-e5c394312c2dd9c356bebe6210bab34ccf563103.pdf  
used on input line 800.
(pdftex.def)             Requested size: 469.75604pt x 607.93173pt.
 [22]
<mermaid-a7c975261bb1dfeac5f51613f24cda5e5d667115.pdf, id=523, 614.295pt x 794.
97pt>
File: mermaid-a7c975261bb1dfeac5f51613f24cda5e5d667115.pdf Graphic file (type p
df)
<use mermaid-a7c975261bb1dfeac5f51613f24cda5e5d667115.pdf>
Package pdftex.def Info: mermaid-a7c975261bb1dfeac5f51613f24cda5e5d667115.pdf  
used on input line 805.
(pdftex.def)             Requested size: 469.75604pt x 607.93173pt.
 [23 <./mermaid-e5c394312c2dd9c356bebe6210bab34ccf563103.pdf>]
[24 <./mermaid-a7c975261bb1dfeac5f51613f24cda5e5d667115.pdf>]
<mermaid-f5123fe76c0421b1454652bc84ffa3c8a2af854d.pdf, id=549, 614.295pt x 794.
97pt>
File: mermaid-f5123fe76c0421b1454652bc84ffa3c8a2af854d.pdf Graphic file (type p
df)
<use mermaid-f5123fe76c0421b1454652bc84ffa3c8a2af854d.pdf>
Package pdftex.def Info: mermaid-f5123fe76c0421b1454652bc84ffa3c8a2af854d.pdf  
used on input line 876.
(pdftex.def)             Requested size: 469.75604pt x 607.93173pt.
 [25]
<mermaid-484de5d34ce75b941377d91d6ed87378fe7ca762.pdf, id=554, 614.295pt x 794.
97pt>
File: mermaid-484de5d34ce75b941377d91d6ed87378fe7ca762.pdf Graphic file (type p
df)
<use mermaid-484de5d34ce75b941377d91d6ed87378fe7ca762.pdf>
Package pdftex.def Info: mermaid-484de5d34ce75b941377d91d6ed87378fe7ca762.pdf  
used on input line 881.
(pdftex.def)             Requested size: 469.75604pt x 607.93173pt.
 [26 <./mermaid-f5123fe76c0421b1454652bc84ffa3c8a2af854d.pdf>] [27 <./mermaid-4
84de5d34ce75b941377d91d6ed87378fe7ca762.pdf>]
<mermaid-1d195bba50838661402b0157c929359c39d5d57f.pdf, id=580, 614.295pt x 794.
97pt>
File: mermaid-1d195bba50838661402b0157c929359c39d5d57f.pdf Graphic file (type p
df)
<use mermaid-1d195bba50838661402b0157c929359c39d5d57f.pdf>
Package pdftex.def Info: mermaid-1d195bba50838661402b0157c929359c39d5d57f.pdf  
used on input line 938.
(pdftex.def)             Requested size: 469.75604pt x 607.93173pt.
 [28]
<mermaid-ad5c8f81b3f3e45af647710ec15b363dfb2e4076.pdf, id=585, 614.295pt x 794.
97pt>
File: mermaid-ad5c8f81b3f3e45af647710ec15b363dfb2e4076.pdf Graphic file (type p
df)
<use mermaid-ad5c8f81b3f3e45af647710ec15b363dfb2e4076.pdf>
Package pdftex.def Info: mermaid-ad5c8f81b3f3e45af647710ec15b363dfb2e4076.pdf  
used on input line 943.
(pdftex.def)             Requested size: 469.75604pt x 607.93173pt.
 [29 <./mermaid-1d195bba50838661402b0157c929359c39d5d57f.pdf>] [30 <./mermaid-a
d5c8f81b3f3e45af647710ec15b363dfb2e4076.pdf>]
<mermaid-c4d47ff9912e1443edc348d8e0cb64cffd0af898.pdf, id=610, 614.295pt x 794.
97pt>
File: mermaid-c4d47ff9912e1443edc348d8e0cb64cffd0af898.pdf Graphic file (type p
df)
<use mermaid-c4d47ff9912e1443edc348d8e0cb64cffd0af898.pdf>
Package pdftex.def Info: mermaid-c4d47ff9912e1443edc348d8e0cb64cffd0af898.pdf  
used on input line 1004.
(pdftex.def)             Requested size: 469.75604pt x 607.93173pt.
 [31]
<mermaid-15db36f85fa70977408bdd5a63fc45feccb1c596.pdf, id=615, 614.295pt x 794.
97pt>
File: mermaid-15db36f85fa70977408bdd5a63fc45feccb1c596.pdf Graphic file (type p
df)
<use mermaid-15db36f85fa70977408bdd5a63fc45feccb1c596.pdf>
Package pdftex.def Info: mermaid-15db36f85fa70977408bdd5a63fc45feccb1c596.pdf  
used on input line 1009.
(pdftex.def)             Requested size: 469.75604pt x 607.93173pt.
 [32 <./mermaid-c4d47ff9912e1443edc348d8e0cb64cffd0af898.pdf>] [33 <./mermaid-1
5db36f85fa70977408bdd5a63fc45feccb1c596.pdf>]
<mermaid-717f51467b776303143659f48be2cbf9d7e0783c.pdf, id=641, 614.295pt x 794.
97pt>
File: mermaid-717f51467b776303143659f48be2cbf9d7e0783c.pdf Graphic file (type p
df)
<use mermaid-717f51467b776303143659f48be2cbf9d7e0783c.pdf>
Package pdftex.def Info: mermaid-717f51467b776303143659f48be2cbf9d7e0783c.pdf  
used on input line 1064.
(pdftex.def)             Requested size: 469.75604pt x 607.93173pt.
 [34]
<mermaid-ffc67bf55700d5f0daa4fb7ce3f63e20402d1847.pdf, id=646, 614.295pt x 794.
97pt>
File: mermaid-ffc67bf55700d5f0daa4fb7ce3f63e20402d1847.pdf Graphic file (type p
df)
<use mermaid-ffc67bf55700d5f0daa4fb7ce3f63e20402d1847.pdf>
Package pdftex.def Info: mermaid-ffc67bf55700d5f0daa4fb7ce3f63e20402d1847.pdf  
used on input line 1069.
(pdftex.def)             Requested size: 469.75604pt x 607.93173pt.
 [35 <./mermaid-717f51467b776303143659f48be2cbf9d7e0783c.pdf>] [36 <./mermaid-f
fc67bf55700d5f0daa4fb7ce3f63e20402d1847.pdf>]
<mermaid-5b957df7d5372c358e1c9450500d461cb7b9e382.pdf, id=677, 614.295pt x 794.
97pt>
File: mermaid-5b957df7d5372c358e1c9450500d461cb7b9e382.pdf Graphic file (type p
df)
<use mermaid-5b957df7d5372c358e1c9450500d461cb7b9e382.pdf>
Package pdftex.def Info: mermaid-5b957df7d5372c358e1c9450500d461cb7b9e382.pdf  
used on input line 1119.
(pdftex.def)             Requested size: 469.75604pt x 607.93173pt.
 [37]
<mermaid-2fe924ffde769d9d81e8be3bc88c770a4f91b309.pdf, id=682, 614.295pt x 794.
97pt>
File: mermaid-2fe924ffde769d9d81e8be3bc88c770a4f91b309.pdf Graphic file (type p
df)
<use mermaid-2fe924ffde769d9d81e8be3bc88c770a4f91b309.pdf>
Package pdftex.def Info: mermaid-2fe924ffde769d9d81e8be3bc88c770a4f91b309.pdf  
used on input line 1124.
(pdftex.def)             Requested size: 469.75604pt x 607.93173pt.
 [38 <./mermaid-5b957df7d5372c358e1c9450500d461cb7b9e382.pdf>] [39 <./mermaid-2
fe924ffde769d9d81e8be3bc88c770a4f91b309.pdf>]
<mermaid-275ee02d8ef939eb15788e35ac3845a7b84aec30.pdf, id=718, 614.295pt x 794.
97pt>
File: mermaid-275ee02d8ef939eb15788e35ac3845a7b84aec30.pdf Graphic file (type p
df)
<use mermaid-275ee02d8ef939eb15788e35ac3845a7b84aec30.pdf>
Package pdftex.def Info: mermaid-275ee02d8ef939eb15788e35ac3845a7b84aec30.pdf  
used on input line 1182.
(pdftex.def)             Requested size: 469.75604pt x 607.93173pt.

[40]
<mermaid-3fb3e0068939e25580676a2a3a11e7fc16a2b0b5.pdf, id=723, 614.295pt x 794.
97pt>
File: mermaid-3fb3e0068939e25580676a2a3a11e7fc16a2b0b5.pdf Graphic file (type p
df)
<use mermaid-3fb3e0068939e25580676a2a3a11e7fc16a2b0b5.pdf>
Package pdftex.def Info: mermaid-3fb3e0068939e25580676a2a3a11e7fc16a2b0b5.pdf  
used on input line 1187.
(pdftex.def)             Requested size: 469.75604pt x 607.93173pt.
 [41 <./mermaid-275ee02d8ef939eb15788e35ac3845a7b84aec30.pdf>] [42 <./mermaid-3
fb3e0068939e25580676a2a3a11e7fc16a2b0b5.pdf>]
<mermaid-8f5359b8346b658f99c25c8f01816ebe05e8b0fc.pdf, id=748, 614.295pt x 794.
97pt>
File: mermaid-8f5359b8346b658f99c25c8f01816ebe05e8b0fc.pdf Graphic file (type p
df)
<use mermaid-8f5359b8346b658f99c25c8f01816ebe05e8b0fc.pdf>
Package pdftex.def Info: mermaid-8f5359b8346b658f99c25c8f01816ebe05e8b0fc.pdf  
used on input line 1257.
(pdftex.def)             Requested size: 469.75604pt x 607.93173pt.
 [43]
<mermaid-26d0768268ee9bdd2aaa82499f255bd1a12bca15.pdf, id=753, 614.295pt x 794.
97pt>
File: mermaid-26d0768268ee9bdd2aaa82499f255bd1a12bca15.pdf Graphic file (type p
df)
<use mermaid-26d0768268ee9bdd2aaa82499f255bd1a12bca15.pdf>
Package pdftex.def Info: mermaid-26d0768268ee9bdd2aaa82499f255bd1a12bca15.pdf  
used on input line 1262.
(pdftex.def)             Requested size: 469.75604pt x 607.93173pt.
 [44 <./mermaid-8f5359b8346b658f99c25c8f01816ebe05e8b0fc.pdf>] [45 <./mermaid-2
6d0768268ee9bdd2aaa82499f255bd1a12bca15.pdf>]
LaTeX Font Info:    Trying to load font information for TS1+txtt on input line 
1.

(/usr/share/texlive/texmf-dist/tex/latex/txfonts/ts1txtt.fd
File: ts1txtt.fd 2000/12/15 v3.1
)
<mermaid-e02d81cd95f1ec81fe87dc87063c918dd7baec04.pdf, id=779, 614.295pt x 794.
97pt>
File: mermaid-e02d81cd95f1ec81fe87dc87063c918dd7baec04.pdf Graphic file (type p
df)
<use mermaid-e02d81cd95f1ec81fe87dc87063c918dd7baec04.pdf>
Package pdftex.def Info: mermaid-e02d81cd95f1ec81fe87dc87063c918dd7baec04.pdf  
used on input line 1336.
(pdftex.def)             Requested size: 469.75604pt x 607.93173pt.
 [46]
<mermaid-82a41fd41e1df4290ce35672c731ed24becb5458.pdf, id=785, 614.295pt x 794.
97pt>
File: mermaid-82a41fd41e1df4290ce35672c731ed24becb5458.pdf Graphic file (type p
df)
<use mermaid-82a41fd41e1df4290ce35672c731ed24becb5458.pdf>
Package pdftex.def Info: mermaid-82a41fd41e1df4290ce35672c731ed24becb5458.pdf  
used on input line 1341.
(pdftex.def)             Requested size: 469.75604pt x 607.93173pt.
 [47 <./mermaid-e02d81cd95f1ec81fe87dc87063c918dd7baec04.pdf>] [48 <./mermaid-8
2a41fd41e1df4290ce35672c731ed24becb5458.pdf>]
<mermaid-98bbdeb209feed75b18728cb2b743c447e954c92.pdf, id=811, 614.295pt x 794.
97pt>
File: mermaid-98bbdeb209feed75b18728cb2b743c447e954c92.pdf Graphic file (type p
df)
<use mermaid-98bbdeb209feed75b18728cb2b743c447e954c92.pdf>
Package pdftex.def Info: mermaid-98bbdeb209feed75b18728cb2b743c447e954c92.pdf  
used on input line 1408.
(pdftex.def)             Requested size: 469.75604pt x 607.93173pt.
 [49]
<mermaid-4735fd479de217ff607586cfd7332bf61866954f.pdf, id=816, 614.295pt x 794.
97pt>
File: mermaid-4735fd479de217ff607586cfd7332bf61866954f.pdf Graphic file (type p
df)
<use mermaid-4735fd479de217ff607586cfd7332bf61866954f.pdf>
Package pdftex.def Info: mermaid-4735fd479de217ff607586cfd7332bf61866954f.pdf  
used on input line 1413.
(pdftex.def)             Requested size: 469.75604pt x 607.93173pt.
 [50 <./mermaid-98bbdeb209feed75b18728cb2b743c447e954c92.pdf>] [51 <./mermaid-4
735fd479de217ff607586cfd7332bf61866954f.pdf>]
<mermaid-fb0c7fe3e809188dafbcc72ff2d89b44fe6592f3.pdf, id=842, 614.295pt x 794.
97pt>
File: mermaid-fb0c7fe3e809188dafbcc72ff2d89b44fe6592f3.pdf Graphic file (type p
df)
<use mermaid-fb0c7fe3e809188dafbcc72ff2d89b44fe6592f3.pdf>
Package pdftex.def Info: mermaid-fb0c7fe3e809188dafbcc72ff2d89b44fe6592f3.pdf  
used on input line 1487.
(pdftex.def)             Requested size: 469.75604pt x 607.93173pt.
 [52]
<mermaid-1c3893dec4badc488fddfa7dc5ca41f0b23d2a1e.pdf, id=847, 614.295pt x 794.
97pt>
File: mermaid-1c3893dec4badc488fddfa7dc5ca41f0b23d2a1e.pdf Graphic file (type p
df)
<use mermaid-1c3893dec4badc488fddfa7dc5ca41f0b23d2a1e.pdf>
Package pdftex.def Info: mermaid-1c3893dec4badc488fddfa7dc5ca41f0b23d2a1e.pdf  
used on input line 1492.
(pdftex.def)             Requested size: 469.75604pt x 607.93173pt.
 [53 <./mermaid-fb0c7fe3e809188dafbcc72ff2d89b44fe6592f3.pdf>] [54 <./mermaid-1
c3893dec4badc488fddfa7dc5ca41f0b23d2a1e.pdf>]
<mermaid-d380070ee69d8631f1ef801750cffee1e9f246d4.pdf, id=873, 614.295pt x 794.
97pt>
File: mermaid-d380070ee69d8631f1ef801750cffee1e9f246d4.pdf Graphic file (type p
df)
<use mermaid-d380070ee69d8631f1ef801750cffee1e9f246d4.pdf>
Package pdftex.def Info: mermaid-d380070ee69d8631f1ef801750cffee1e9f246d4.pdf  
used on input line 1552.
(pdftex.def)             Requested size: 469.75604pt x 607.93173pt.
 [55]
<mermaid-a715d091a7224b2de2146b45bb8c2ab8a43b04fc.pdf, id=879, 614.295pt x 794.
97pt>
File: mermaid-a715d091a7224b2de2146b45bb8c2ab8a43b04fc.pdf Graphic file (type p
df)
<use mermaid-a715d091a7224b2de2146b45bb8c2ab8a43b04fc.pdf>
Package pdftex.def Info: mermaid-a715d091a7224b2de2146b45bb8c2ab8a43b04fc.pdf  
used on input line 1557.
(pdftex.def)             Requested size: 469.75604pt x 607.93173pt.
 [56 <./mermaid-d380070ee69d8631f1ef801750cffee1e9f246d4.pdf>] [57 <./mermaid-a
715d091a7224b2de2146b45bb8c2ab8a43b04fc.pdf>]
<mermaid-b46491e72cf166b12da7152f672b53a22c8fed3b.pdf, id=905, 614.295pt x 794.
97pt>
File: mermaid-b46491e72cf166b12da7152f672b53a22c8fed3b.pdf Graphic file (type p
df)
<use mermaid-b46491e72cf166b12da7152f672b53a22c8fed3b.pdf>
Package pdftex.def Info: mermaid-b46491e72cf166b12da7152f672b53a22c8fed3b.pdf  
used on input line 1609.
(pdftex.def)             Requested size: 469.75604pt x 607.93173pt.
 [58]
<mermaid-4a069d75039dcffe9a31ed8544fb4d06d512ac11.pdf, id=910, 614.295pt x 794.
97pt>
File: mermaid-4a069d75039dcffe9a31ed8544fb4d06d512ac11.pdf Graphic file (type p
df)
<use mermaid-4a069d75039dcffe9a31ed8544fb4d06d512ac11.pdf>
Package pdftex.def Info: mermaid-4a069d75039dcffe9a31ed8544fb4d06d512ac11.pdf  
used on input line 1614.
(pdftex.def)             Requested size: 469.75604pt x 607.93173pt.
 [59 <./mermaid-b46491e72cf166b12da7152f672b53a22c8fed3b.pdf>] [60 <./mermaid-4
a069d75039dcffe9a31ed8544fb4d06d512ac11.pdf>]
<mermaid-eb6156b441b58ea0248c415e9aa1c90d3a918ef3.pdf, id=945, 614.295pt x 794.
97pt>
File: mermaid-eb6156b441b58ea0248c415e9aa1c90d3a918ef3.pdf Graphic file (type p
df)
<use mermaid-eb6156b441b58ea0248c415e9aa1c90d3a918ef3.pdf>
Package pdftex.def Info: mermaid-eb6156b441b58ea0248c415e9aa1c90d3a918ef3.pdf  
used on input line 1672.
(pdftex.def)             Requested size: 469.75604pt x 607.93173pt.

[61]
<mermaid-60e48bc603089abdafcc83e8fe8235954d5c875f.pdf, id=951, 614.295pt x 794.
97pt>
File: mermaid-60e48bc603089abdafcc83e8fe8235954d5c875f.pdf Graphic file (type p
df)
<use mermaid-60e48bc603089abdafcc83e8fe8235954d5c875f.pdf>
Package pdftex.def Info: mermaid-60e48bc603089abdafcc83e8fe8235954d5c875f.pdf  
used on input line 1677.
(pdftex.def)             Requested size: 469.75604pt x 607.93173pt.
 [62 <./mermaid-eb6156b441b58ea0248c415e9aa1c90d3a918ef3.pdf>] [63 <./mermaid-6
0e48bc603089abdafcc83e8fe8235954d5c875f.pdf>]
<mermaid-84182a4eeccfe4d0988296dd4ec803ea0d62b3ff.pdf, id=977, 614.295pt x 794.
97pt>
File: mermaid-84182a4eeccfe4d0988296dd4ec803ea0d62b3ff.pdf Graphic file (type p
df)
<use mermaid-84182a4eeccfe4d0988296dd4ec803ea0d62b3ff.pdf>
Package pdftex.def Info: mermaid-84182a4eeccfe4d0988296dd4ec803ea0d62b3ff.pdf  
used on input line 1738.
(pdftex.def)             Requested size: 469.75604pt x 607.93173pt.
 [64]
<mermaid-e42a585c4c24787dc16b0878437cf50ab0483538.pdf, id=982, 614.295pt x 794.
97pt>
File: mermaid-e42a585c4c24787dc16b0878437cf50ab0483538.pdf Graphic file (type p
df)
<use mermaid-e42a585c4c24787dc16b0878437cf50ab0483538.pdf>
Package pdftex.def Info: mermaid-e42a585c4c24787dc16b0878437cf50ab0483538.pdf  
used on input line 1743.
(pdftex.def)             Requested size: 469.75604pt x 607.93173pt.
 [65 <./mermaid-84182a4eeccfe4d0988296dd4ec803ea0d62b3ff.pdf>] [66 <./mermaid-e
42a585c4c24787dc16b0878437cf50ab0483538.pdf>]
<mermaid-a779c612ce1263c7538d1f964687a3cffaf859c6.pdf, id=1008, 614.295pt x 794
.97pt>
File: mermaid-a779c612ce1263c7538d1f964687a3cffaf859c6.pdf Graphic file (type p
df)
<use mermaid-a779c612ce1263c7538d1f964687a3cffaf859c6.pdf>
Package pdftex.def Info: mermaid-a779c612ce1263c7538d1f964687a3cffaf859c6.pdf  
used on input line 1836.
(pdftex.def)             Requested size: 469.75604pt x 607.93173pt.
 [67]
<mermaid-298f29d5087410a7a7c53d5a8a9f6788bb030076.pdf, id=1013, 614.295pt x 794
.97pt>
File: mermaid-298f29d5087410a7a7c53d5a8a9f6788bb030076.pdf Graphic file (type p
df)
<use mermaid-298f29d5087410a7a7c53d5a8a9f6788bb030076.pdf>
Package pdftex.def Info: mermaid-298f29d5087410a7a7c53d5a8a9f6788bb030076.pdf  
used on input line 1841.
(pdftex.def)             Requested size: 469.75604pt x 607.93173pt.
 [68 <./mermaid-a779c612ce1263c7538d1f964687a3cffaf859c6.pdf>] [69 <./mermaid-2
98f29d5087410a7a7c53d5a8a9f6788bb030076.pdf>]
<mermaid-343235089cb951e015fe67e0e564637100a34d23.pdf, id=1039, 614.295pt x 794
.97pt>
File: mermaid-343235089cb951e015fe67e0e564637100a34d23.pdf Graphic file (type p
df)
<use mermaid-343235089cb951e015fe67e0e564637100a34d23.pdf>
Package pdftex.def Info: mermaid-343235089cb951e015fe67e0e564637100a34d23.pdf  
used on input line 1909.
(pdftex.def)             Requested size: 469.75604pt x 607.93173pt.
 [70]
<mermaid-995d74236ac9f4dce1d7ca5aaa0880b02f7cb30e.pdf, id=1044, 614.295pt x 794
.97pt>
File: mermaid-995d74236ac9f4dce1d7ca5aaa0880b02f7cb30e.pdf Graphic file (type p
df)
<use mermaid-995d74236ac9f4dce1d7ca5aaa0880b02f7cb30e.pdf>
Package pdftex.def Info: mermaid-995d74236ac9f4dce1d7ca5aaa0880b02f7cb30e.pdf  
used on input line 1914.
(pdftex.def)             Requested size: 469.75604pt x 607.93173pt.

[71 <./mermaid-343235089cb951e015fe67e0e564637100a34d23.pdf>] [72 <./mermaid-99
5d74236ac9f4dce1d7ca5aaa0880b02f7cb30e.pdf>]
<mermaid-f2cf7eff2fc74c3581e531ac7f5eefa28547c295.pdf, id=1069, 614.295pt x 794
.97pt>
File: mermaid-f2cf7eff2fc74c3581e531ac7f5eefa28547c295.pdf Graphic file (type p
df)
<use mermaid-f2cf7eff2fc74c3581e531ac7f5eefa28547c295.pdf>
Package pdftex.def Info: mermaid-f2cf7eff2fc74c3581e531ac7f5eefa28547c295.pdf  
used on input line 1958.
(pdftex.def)             Requested size: 469.75604pt x 607.93173pt.
 [73]
<mermaid-1ec94094390ad9087525c1d77dae1f0360844117.pdf, id=1074, 614.295pt x 794
.97pt>
File: mermaid-1ec94094390ad9087525c1d77dae1f0360844117.pdf Graphic file (type p
df)
<use mermaid-1ec94094390ad9087525c1d77dae1f0360844117.pdf>
Package pdftex.def Info: mermaid-1ec94094390ad9087525c1d77dae1f0360844117.pdf  
used on input line 1963.
(pdftex.def)             Requested size: 469.75604pt x 607.93173pt.
 [74 <./mermaid-f2cf7eff2fc74c3581e531ac7f5eefa28547c295.pdf>] [75 <./mermaid-1
ec94094390ad9087525c1d77dae1f0360844117.pdf>]
Overfull \hbox (28.7437pt too wide) in paragraph at lines 1987--1989
[]\T1/txtt/m/n/10 {study_instance_uid}_{transfer_project_name}_{transfer_name}_
{redcap_repeat_instance}.
 []

<mermaid-cf47db8200324a581d7dcb5313d6b2aad8e0a560.pdf, id=1101, 614.295pt x 794
.97pt>
File: mermaid-cf47db8200324a581d7dcb5313d6b2aad8e0a560.pdf Graphic file (type p
df)
<use mermaid-cf47db8200324a581d7dcb5313d6b2aad8e0a560.pdf>
Package pdftex.def Info: mermaid-cf47db8200324a581d7dcb5313d6b2aad8e0a560.pdf  
used on input line 2020.
(pdftex.def)             Requested size: 469.75604pt x 607.93173pt.
[76]
<mermaid-cfedd27da447110d09a1491ce93af4c2bed391e9.pdf, id=1106, 614.295pt x 794
.97pt>
File: mermaid-cfedd27da447110d09a1491ce93af4c2bed391e9.pdf Graphic file (type p
df)
<use mermaid-cfedd27da447110d09a1491ce93af4c2bed391e9.pdf>
Package pdftex.def Info: mermaid-cfedd27da447110d09a1491ce93af4c2bed391e9.pdf  
used on input line 2025.
(pdftex.def)             Requested size: 469.75604pt x 607.93173pt.
 [77 <./mermaid-cf47db8200324a581d7dcb5313d6b2aad8e0a560.pdf>] [78 <./mermaid-c
fedd27da447110d09a1491ce93af4c2bed391e9.pdf>]
Overfull \hbox (28.85495pt too wide) in paragraph at lines 2089--2091
\T1/qtm/m/n/10 /var/www/html/applications/Workflows/php/runOneJob.sh >> /home/p
rocessing/logs/Workflows_RunOneJob.log
 []

<mermaid-1d99f6557763bf5964a0d20d763f5c9b751791d9.pdf, id=1131, 614.295pt x 794
.97pt>
File: mermaid-1d99f6557763bf5964a0d20d763f5c9b751791d9.pdf Graphic file (type p
df)
<use mermaid-1d99f6557763bf5964a0d20d763f5c9b751791d9.pdf>
Package pdftex.def Info: mermaid-1d99f6557763bf5964a0d20d763f5c9b751791d9.pdf  
used on input line 2107.
(pdftex.def)             Requested size: 469.75604pt x 607.93173pt.
[79]
<mermaid-8ec457521a2d3c7899ad9cb53a9b77e104b6d5d7.pdf, id=1136, 614.295pt x 794
.97pt>
File: mermaid-8ec457521a2d3c7899ad9cb53a9b77e104b6d5d7.pdf Graphic file (type p
df)
<use mermaid-8ec457521a2d3c7899ad9cb53a9b77e104b6d5d7.pdf>
Package pdftex.def Info: mermaid-8ec457521a2d3c7899ad9cb53a9b77e104b6d5d7.pdf  
used on input line 2112.
(pdftex.def)             Requested size: 469.75604pt x 607.93173pt.
 [80 <./mermaid-1d99f6557763bf5964a0d20d763f5c9b751791d9.pdf>] [81 <./mermaid-8
ec457521a2d3c7899ad9cb53a9b77e104b6d5d7.pdf>]
<mermaid-4aa99d633ed93d3ac00f07943f80d7ce723c016d.pdf, id=1172, 614.295pt x 794
.97pt>
File: mermaid-4aa99d633ed93d3ac00f07943f80d7ce723c016d.pdf Graphic file (type p
df)
<use mermaid-4aa99d633ed93d3ac00f07943f80d7ce723c016d.pdf>
Package pdftex.def Info: mermaid-4aa99d633ed93d3ac00f07943f80d7ce723c016d.pdf  
used on input line 2193.
(pdftex.def)             Requested size: 469.75604pt x 607.93173pt.
 [82]
<mermaid-1765ba2a6f7e1693cc19bd530b6dbb75a1420d7e.pdf, id=1177, 614.295pt x 794
.97pt>
File: mermaid-1765ba2a6f7e1693cc19bd530b6dbb75a1420d7e.pdf Graphic file (type p
df)
<use mermaid-1765ba2a6f7e1693cc19bd530b6dbb75a1420d7e.pdf>
Package pdftex.def Info: mermaid-1765ba2a6f7e1693cc19bd530b6dbb75a1420d7e.pdf  
used on input line 2198.
(pdftex.def)             Requested size: 469.75604pt x 607.93173pt.
 [83 <./mermaid-4aa99d633ed93d3ac00f07943f80d7ce723c016d.pdf>] [84 <./mermaid-1
765ba2a6f7e1693cc19bd530b6dbb75a1420d7e.pdf>]
<mermaid-2db8802c18cde50a552b7f0d73de364716805f73.pdf, id=1202, 614.295pt x 794
.97pt>
File: mermaid-2db8802c18cde50a552b7f0d73de364716805f73.pdf Graphic file (type p
df)
<use mermaid-2db8802c18cde50a552b7f0d73de364716805f73.pdf>
Package pdftex.def Info: mermaid-2db8802c18cde50a552b7f0d73de364716805f73.pdf  
used on input line 2288.
(pdftex.def)             Requested size: 469.75604pt x 607.93173pt.
 [85]
<mermaid-00e98f308b538fc5303c16d8c012c965211ee75a.pdf, id=1207, 614.295pt x 794
.97pt>
File: mermaid-00e98f308b538fc5303c16d8c012c965211ee75a.pdf Graphic file (type p
df)
<use mermaid-00e98f308b538fc5303c16d8c012c965211ee75a.pdf>
Package pdftex.def Info: mermaid-00e98f308b538fc5303c16d8c012c965211ee75a.pdf  
used on input line 2293.
(pdftex.def)             Requested size: 469.75604pt x 607.93173pt.
 [86 <./mermaid-2db8802c18cde50a552b7f0d73de364716805f73.pdf>] [87 <./mermaid-0
0e98f308b538fc5303c16d8c012c965211ee75a.pdf>]
<mermaid-85e87db37b7b120fbfb540f02cad88262dc89e0c.pdf, id=1234, 614.295pt x 794
.97pt>
File: mermaid-85e87db37b7b120fbfb540f02cad88262dc89e0c.pdf Graphic file (type p
df)
<use mermaid-85e87db37b7b120fbfb540f02cad88262dc89e0c.pdf>
Package pdftex.def Info: mermaid-85e87db37b7b120fbfb540f02cad88262dc89e0c.pdf  
used on input line 2377.
(pdftex.def)             Requested size: 469.75604pt x 607.93173pt.
 [88]
<mermaid-46fbbc979f0c7a2bdaef163e9c03aa3238759111.pdf, id=1239, 614.295pt x 794
.97pt>
File: mermaid-46fbbc979f0c7a2bdaef163e9c03aa3238759111.pdf Graphic file (type p
df)
<use mermaid-46fbbc979f0c7a2bdaef163e9c03aa3238759111.pdf>
Package pdftex.def Info: mermaid-46fbbc979f0c7a2bdaef163e9c03aa3238759111.pdf  
used on input line 2382.
(pdftex.def)             Requested size: 469.75604pt x 607.93173pt.

[89 <./mermaid-85e87db37b7b120fbfb540f02cad88262dc89e0c.pdf>] [90 <./mermaid-46
fbbc979f0c7a2bdaef163e9c03aa3238759111.pdf>]
<mermaid-112387485dd38850e9a405edfd75818395f48330.pdf, id=1264, 614.295pt x 794
.97pt>
File: mermaid-112387485dd38850e9a405edfd75818395f48330.pdf Graphic file (type p
df)
<use mermaid-112387485dd38850e9a405edfd75818395f48330.pdf>
Package pdftex.def Info: mermaid-112387485dd38850e9a405edfd75818395f48330.pdf  
used on input line 2446.
(pdftex.def)             Requested size: 469.75604pt x 607.93173pt.
 [91]
<mermaid-3216f5903a07497760b6dfe4fe67be8301c7f226.pdf, id=1269, 614.295pt x 794
.97pt>
File: mermaid-3216f5903a07497760b6dfe4fe67be8301c7f226.pdf Graphic file (type p
df)
<use mermaid-3216f5903a07497760b6dfe4fe67be8301c7f226.pdf>
Package pdftex.def Info: mermaid-3216f5903a07497760b6dfe4fe67be8301c7f226.pdf  
used on input line 2451.
(pdftex.def)             Requested size: 469.75604pt x 607.93173pt.
 [92 <./mermaid-112387485dd38850e9a405edfd75818395f48330.pdf>] [93 <./mermaid-3
216f5903a07497760b6dfe4fe67be8301c7f226.pdf>]
<mermaid-293d21e3f411ff6e1053094a0c6b79a3ac21b34c.pdf, id=1319, 614.295pt x 794
.97pt>
File: mermaid-293d21e3f411ff6e1053094a0c6b79a3ac21b34c.pdf Graphic file (type p
df)
<use mermaid-293d21e3f411ff6e1053094a0c6b79a3ac21b34c.pdf>
Package pdftex.def Info: mermaid-293d21e3f411ff6e1053094a0c6b79a3ac21b34c.pdf  
used on input line 2592.
(pdftex.def)             Requested size: 469.75604pt x 607.93173pt.
 [94] [95 <./mermaid-293d21e3f411ff6e1053094a0c6b79a3ac21b34c.pdf>]
<mermaid-33e3dcd610758409c1e1b74133e51b8214305c98.pdf, id=1368, 614.295pt x 794
.97pt>
File: mermaid-33e3dcd610758409c1e1b74133e51b8214305c98.pdf Graphic file (type p
df)
<use mermaid-33e3dcd610758409c1e1b74133e51b8214305c98.pdf>
Package pdftex.def Info: mermaid-33e3dcd610758409c1e1b74133e51b8214305c98.pdf  
used on input line 2603.
(pdftex.def)             Requested size: 469.75604pt x 607.93173pt.
 [96] [97 <./mermaid-33e3dcd610758409c1e1b74133e51b8214305c98.pdf>] [98]
Chapter 4.
[99

] [100

]
Chapter 5.
(./fionadocs.ind) [101] (./fionadocs.aux)
Package rerunfilecheck Info: File `fionadocs.out' has not changed.
(rerunfilecheck)             Checksum: A90EA6EC454687F1D8261B0967BBBE09;8824.
 ) 
Here is how much of TeX's memory you used:
 17582 strings out of 480171
 319432 string characters out of 5894260
 759072 words of memory out of 5000000
 34873 multiletter control sequences out of 15000+600000
 526154 words of font info for 71 fonts, out of 8000000 for 9000
 57 hyphenation exceptions out of 8191
 70i,12n,83p,1198b,564s stack positions out of 5000i,500n,10000p,200000b,80000s
{/usr/share/texmf/fonts/enc/dvips/tex-gyre/q-ec.enc}{/usr/share/texmf/fonts/e
nc/dvips/tex-gyre/q-ts1.enc}</usr/share/texmf/fonts/type1/public/tex-gyre/qhvb.
pfb></usr/share/texmf/fonts/type1/public/tex-gyre/qtmb.pfb></usr/share/texmf/fo
nts/type1/public/tex-gyre/qtmr.pfb></usr/share/texmf/fonts/type1/public/tex-gyr
e/qtmri.pfb></usr/share/texlive/texmf-dist/fonts/type1/public/txfonts/t1xbtt.pf
b></usr/share/texlive/texmf-dist/fonts/type1/public/txfonts/t1xtt.pfb></usr/sha
re/texlive/texmf-dist/fonts/type1/public/txfonts/tcxtt.pfb>
Output written on fionadocs.pdf (105 pages, 3198459 bytes).
PDF statistics:
 1473 PDF objects out of 1728 (max. 8388607)
 1082 compressed objects within 11 object streams
 208 named destinations out of 1000 (max. 500000)
 758 words of extra memory for PDF output out of 10000 (max. 10000000)

